<?xml version="1.0" encoding="UTF-8"?>
<!-- Generated by org.testng.reporters.JUnitXMLReporter -->
<testsuite ignored="2" hostname="LAPTOP-8AAVMEOH" failures="0" tests="3" name="Surefire test" time="58.616" errors="0" timestamp="2021-04-29T12:02:16 MST">
  <testcase classname="com.amazon.qa.testcases.CartTest" name="cartTest" time="0.026"/>
  <testcase classname="com.amazon.qa.testcases.CheckoutTest" name="checkoutTest" time="0.023"/>
  <testcase classname="com.amazon.qa.testcases.ProductDetailTest" name="productDetailTest" time="3.215"/>
  <testcase classname="com.amazon.qa.testcases.ProductListingTest" name="productListingTest" time="0.0">
    <ignored/>
  </testcase> <!-- productListingTest -->
  <testcase classname="com.amazon.qa.testcases.HomeTest" name="searchBoxTest" time="0.0">
    <ignored/>
  </testcase> <!-- searchBoxTest -->
</testsuite> <!-- Surefire test -->
