<?xml version="1.0" encoding="UTF-8"?>
<!-- Generated by org.testng.reporters.JUnitXMLReporter -->
<testsuite ignored="0" hostname="LAPTOP-8AAVMEOH" failures="0" tests="3" name="Test" time="74.101" errors="0" timestamp="2021-04-29T13:44:18 MST">
  <testcase classname="com.amazon.qa.testcases.ProductDetailTest" name="productDetailTest" time="3.328"/>
  <testcase classname="com.amazon.qa.testcases.CartTest" name="cartTest" time="0.025"/>
  <testcase classname="com.amazon.qa.testcases.CheckoutTest" name="checkoutTest" time="0.018"/>
</testsuite> <!-- Test -->
