<?xml version="1.0" encoding="UTF-8"?>
<!-- Generated by org.testng.reporters.JUnitXMLReporter -->
<testsuite ignored="0" hostname="LAPTOP-8AAVMEOH" failures="0" tests="3" name="Test" time="57.591" errors="0" timestamp="2021-04-23T11:25:34 MST">
  <testcase classname="com.amazon.qa.testcases.ProductDetailTest" name="productDetailTest" time="2.911"/>
  <testcase classname="com.amazon.qa.testcases.CartTest" name="cartTest" time="0.026"/>
  <testcase classname="com.amazon.qa.testcases.CheckoutTest" name="checkoutTest" time="0.02"/>
</testsuite> <!-- Test -->
