-------------------------------------------------------------------------------
Test set: TestSuite
-------------------------------------------------------------------------------
Tests run: 5, Failures: 1, Errors: 0, Skipped: 0, Time elapsed: 75.468 s <<< FAILURE! - in TestSuite
com.amazon.qa.testcases.CartTest.cartTest  Time elapsed: 0.032 s  <<< FAILURE!
java.lang.AssertionError: expected [$47.49] but found [$60.48]
	at com.amazon.qa.testcases.CartTest.cartTest(CartTest.java:44)

