<?xml version="1.0" encoding="UTF-8"?>
<testng-results ignored="2" total="5" passed="3" failed="0" skipped="0">
  <reporter-output>
  </reporter-output>
  <suite started-at="2021-04-29T12:01:18 MST" name="Surefire suite" finished-at="2021-04-29T12:02:16 MST" duration-ms="58616">
    <groups>
    </groups>
    <test started-at="2021-04-29T12:01:18 MST" name="Surefire test" finished-at="2021-04-29T12:02:16 MST" duration-ms="58616">
      <class name="com.amazon.qa.testcases.CartTest">
        <test-method is-config="true" signature="setUp()[pri:0, instance:com.amazon.qa.testcases.CartTest@757277dc]" started-at="2021-04-29T12:01:18 MST" name="setUp" finished-at="2021-04-29T12:01:37 MST" duration-ms="19310" status="PASS">
          <reporter-output>
          </reporter-output>
        </test-method> <!-- setUp -->
        <test-method signature="cartTest()[pri:0, instance:com.amazon.qa.testcases.CartTest@757277dc]" started-at="2021-04-29T12:01:37 MST" name="cartTest" finished-at="2021-04-29T12:01:37 MST" duration-ms="26" status="PASS">
          <reporter-output>
          </reporter-output>
        </test-method> <!-- cartTest -->
        <test-method is-config="true" signature="tearDown()[pri:0, instance:com.amazon.qa.testcases.CartTest@757277dc]" started-at="2021-04-29T12:01:37 MST" name="tearDown" finished-at="2021-04-29T12:01:38 MST" duration-ms="683" status="PASS">
          <reporter-output>
          </reporter-output>
        </test-method> <!-- tearDown -->
      </class> <!-- com.amazon.qa.testcases.CartTest -->
      <class name="com.amazon.qa.testcases.CheckoutTest">
        <test-method is-config="true" signature="setUp()[pri:0, instance:com.amazon.qa.testcases.CheckoutTest@55740540]" started-at="2021-04-29T12:01:38 MST" name="setUp" finished-at="2021-04-29T12:02:04 MST" duration-ms="26043" status="PASS">
          <reporter-output>
          </reporter-output>
        </test-method> <!-- setUp -->
        <test-method signature="checkoutTest()[pri:0, instance:com.amazon.qa.testcases.CheckoutTest@55740540]" started-at="2021-04-29T12:02:04 MST" name="checkoutTest" finished-at="2021-04-29T12:02:04 MST" duration-ms="23" status="PASS">
          <reporter-output>
          </reporter-output>
        </test-method> <!-- checkoutTest -->
        <test-method is-config="true" signature="tearDown()[pri:0, instance:com.amazon.qa.testcases.CheckoutTest@55740540]" started-at="2021-04-29T12:02:04 MST" name="tearDown" finished-at="2021-04-29T12:02:04 MST" duration-ms="718" status="PASS">
          <reporter-output>
          </reporter-output>
        </test-method> <!-- tearDown -->
      </class> <!-- com.amazon.qa.testcases.CheckoutTest -->
      <class name="com.amazon.qa.testcases.ProductDetailTest">
        <test-method is-config="true" signature="setUp()[pri:0, instance:com.amazon.qa.testcases.ProductDetailTest@2f54a33d]" started-at="2021-04-29T12:02:04 MST" name="setUp" finished-at="2021-04-29T12:02:12 MST" duration-ms="7912" status="PASS">
          <reporter-output>
          </reporter-output>
        </test-method> <!-- setUp -->
        <test-method signature="productDetailTest()[pri:0, instance:com.amazon.qa.testcases.ProductDetailTest@2f54a33d]" started-at="2021-04-29T12:02:12 MST" name="productDetailTest" finished-at="2021-04-29T12:02:16 MST" duration-ms="3215" status="PASS">
          <reporter-output>
          </reporter-output>
        </test-method> <!-- productDetailTest -->
        <test-method is-config="true" signature="tearDown()[pri:0, instance:com.amazon.qa.testcases.ProductDetailTest@2f54a33d]" started-at="2021-04-29T12:02:16 MST" name="tearDown" finished-at="2021-04-29T12:02:16 MST" duration-ms="663" status="PASS">
          <reporter-output>
          </reporter-output>
        </test-method> <!-- tearDown -->
      </class> <!-- com.amazon.qa.testcases.ProductDetailTest -->
    </test> <!-- Surefire test -->
  </suite> <!-- Surefire suite -->
</testng-results>
