<?xml version="1.0" encoding="UTF-8"?>
<testng-results ignored="0" total="3" passed="3" failed="0" skipped="0">
  <reporter-output>
  </reporter-output>
  <suite started-at="2021-04-23T11:24:37 MST" name="Suite" finished-at="2021-04-23T11:25:34 MST" duration-ms="57591">
    <groups>
    </groups>
    <test started-at="2021-04-23T11:24:37 MST" name="Test" finished-at="2021-04-23T11:25:34 MST" duration-ms="57591">
      <class name="com.amazon.qa.testcases.CartTest">
        <test-method is-config="true" signature="setUp()[pri:0, instance:com.amazon.qa.testcases.CartTest@6da21078]" started-at="2021-04-23T11:24:49 MST" name="setUp" finished-at="2021-04-23T11:25:10 MST" duration-ms="21353" status="PASS">
          <reporter-output>
          </reporter-output>
        </test-method> <!-- setUp -->
        <test-method signature="cartTest()[pri:0, instance:com.amazon.qa.testcases.CartTest@6da21078]" started-at="2021-04-23T11:25:10 MST" name="cartTest" finished-at="2021-04-23T11:25:10 MST" duration-ms="26" status="PASS">
          <reporter-output>
          </reporter-output>
        </test-method> <!-- cartTest -->
        <test-method is-config="true" signature="tearDown()[pri:0, instance:com.amazon.qa.testcases.CartTest@6da21078]" started-at="2021-04-23T11:25:10 MST" name="tearDown" finished-at="2021-04-23T11:25:11 MST" duration-ms="662" status="PASS">
          <reporter-output>
          </reporter-output>
        </test-method> <!-- tearDown -->
      </class> <!-- com.amazon.qa.testcases.CartTest -->
      <class name="com.amazon.qa.testcases.CheckoutTest">
        <test-method is-config="true" signature="setUp()[pri:0, instance:com.amazon.qa.testcases.CheckoutTest@7fee8714]" started-at="2021-04-23T11:25:11 MST" name="setUp" finished-at="2021-04-23T11:25:34 MST" duration-ms="23001" status="PASS">
          <reporter-output>
          </reporter-output>
        </test-method> <!-- setUp -->
        <test-method signature="checkoutTest()[pri:0, instance:com.amazon.qa.testcases.CheckoutTest@7fee8714]" started-at="2021-04-23T11:25:34 MST" name="checkoutTest" finished-at="2021-04-23T11:25:34 MST" duration-ms="20" status="PASS">
          <reporter-output>
          </reporter-output>
        </test-method> <!-- checkoutTest -->
        <test-method is-config="true" signature="tearDown()[pri:0, instance:com.amazon.qa.testcases.CheckoutTest@7fee8714]" started-at="2021-04-23T11:25:34 MST" name="tearDown" finished-at="2021-04-23T11:25:34 MST" duration-ms="650" status="PASS">
          <reporter-output>
          </reporter-output>
        </test-method> <!-- tearDown -->
      </class> <!-- com.amazon.qa.testcases.CheckoutTest -->
      <class name="com.amazon.qa.testcases.ProductDetailTest">
        <test-method is-config="true" signature="setUp()[pri:0, instance:com.amazon.qa.testcases.ProductDetailTest@29d89d5d]" started-at="2021-04-23T11:24:37 MST" name="setUp" finished-at="2021-04-23T11:24:45 MST" duration-ms="8252" status="PASS">
          <reporter-output>
          </reporter-output>
        </test-method> <!-- setUp -->
        <test-method signature="productDetailTest()[pri:0, instance:com.amazon.qa.testcases.ProductDetailTest@29d89d5d]" started-at="2021-04-23T11:24:45 MST" name="productDetailTest" finished-at="2021-04-23T11:24:48 MST" duration-ms="2911" status="PASS">
          <reporter-output>
          </reporter-output>
        </test-method> <!-- productDetailTest -->
        <test-method is-config="true" signature="tearDown()[pri:0, instance:com.amazon.qa.testcases.ProductDetailTest@29d89d5d]" started-at="2021-04-23T11:24:48 MST" name="tearDown" finished-at="2021-04-23T11:24:49 MST" duration-ms="687" status="PASS">
          <reporter-output>
          </reporter-output>
        </test-method> <!-- tearDown -->
      </class> <!-- com.amazon.qa.testcases.ProductDetailTest -->
    </test> <!-- Test -->
  </suite> <!-- Suite -->
</testng-results>
