<?xml version="1.0" encoding="UTF-8"?>
<testng-results ignored="0" total="3" passed="3" failed="0" skipped="0">
  <reporter-output>
  </reporter-output>
  <suite started-at="2021-04-29T13:43:04 MST" name="Suite" finished-at="2021-04-29T13:44:18 MST" duration-ms="74101">
    <groups>
    </groups>
    <test started-at="2021-04-29T13:43:04 MST" name="Test" finished-at="2021-04-29T13:44:18 MST" duration-ms="74101">
      <class name="com.amazon.qa.testcases.CartTest">
        <test-method is-config="true" signature="setUp()[pri:0, instance:com.amazon.qa.testcases.CartTest@611889f4]" started-at="2021-04-29T13:43:17 MST" name="setUp" finished-at="2021-04-29T13:43:42 MST" duration-ms="24911" status="PASS">
          <reporter-output>
          </reporter-output>
        </test-method> <!-- setUp -->
        <test-method signature="cartTest()[pri:0, instance:com.amazon.qa.testcases.CartTest@611889f4]" started-at="2021-04-29T13:43:42 MST" name="cartTest" finished-at="2021-04-29T13:43:42 MST" duration-ms="25" status="PASS">
          <reporter-output>
          </reporter-output>
        </test-method> <!-- cartTest -->
        <test-method is-config="true" signature="tearDown()[pri:0, instance:com.amazon.qa.testcases.CartTest@611889f4]" started-at="2021-04-29T13:43:42 MST" name="tearDown" finished-at="2021-04-29T13:43:43 MST" duration-ms="668" status="PASS">
          <reporter-output>
          </reporter-output>
        </test-method> <!-- tearDown -->
      </class> <!-- com.amazon.qa.testcases.CartTest -->
      <class name="com.amazon.qa.testcases.CheckoutTest">
        <test-method is-config="true" signature="setUp()[pri:0, instance:com.amazon.qa.testcases.CheckoutTest@1da2cb77]" started-at="2021-04-29T13:43:43 MST" name="setUp" finished-at="2021-04-29T13:44:17 MST" duration-ms="34363" status="PASS">
          <reporter-output>
          </reporter-output>
        </test-method> <!-- setUp -->
        <test-method signature="checkoutTest()[pri:0, instance:com.amazon.qa.testcases.CheckoutTest@1da2cb77]" started-at="2021-04-29T13:44:17 MST" name="checkoutTest" finished-at="2021-04-29T13:44:17 MST" duration-ms="18" status="PASS">
          <reporter-output>
          </reporter-output>
        </test-method> <!-- checkoutTest -->
        <test-method is-config="true" signature="tearDown()[pri:0, instance:com.amazon.qa.testcases.CheckoutTest@1da2cb77]" started-at="2021-04-29T13:44:17 MST" name="tearDown" finished-at="2021-04-29T13:44:18 MST" duration-ms="653" status="PASS">
          <reporter-output>
          </reporter-output>
        </test-method> <!-- tearDown -->
      </class> <!-- com.amazon.qa.testcases.CheckoutTest -->
      <class name="com.amazon.qa.testcases.ProductDetailTest">
        <test-method is-config="true" signature="setUp()[pri:0, instance:com.amazon.qa.testcases.ProductDetailTest@7ea9e1e2]" started-at="2021-04-29T13:43:04 MST" name="setUp" finished-at="2021-04-29T13:43:13 MST" duration-ms="9435" status="PASS">
          <reporter-output>
          </reporter-output>
        </test-method> <!-- setUp -->
        <test-method signature="productDetailTest()[pri:0, instance:com.amazon.qa.testcases.ProductDetailTest@7ea9e1e2]" started-at="2021-04-29T13:43:13 MST" name="productDetailTest" finished-at="2021-04-29T13:43:17 MST" duration-ms="3328" status="PASS">
          <reporter-output>
          </reporter-output>
        </test-method> <!-- productDetailTest -->
        <test-method is-config="true" signature="tearDown()[pri:0, instance:com.amazon.qa.testcases.ProductDetailTest@7ea9e1e2]" started-at="2021-04-29T13:43:17 MST" name="tearDown" finished-at="2021-04-29T13:43:17 MST" duration-ms="668" status="PASS">
          <reporter-output>
          </reporter-output>
        </test-method> <!-- tearDown -->
      </class> <!-- com.amazon.qa.testcases.ProductDetailTest -->
    </test> <!-- Test -->
  </suite> <!-- Suite -->
</testng-results>
